#
#
from 3 4 7
at 3 2 2
up 0 1 0
angle 40 
resolution 800 700 
background .1 .1 .1 n
light 3 4.9 3 
#
# floor
#
surface 0 0 0 0  0 0 0 0  0 0 .4  0 0 .4  0 0 0 0 0
polygon 4
0 0 0
6 0 0
6 0 8
0 0 8
#
# Walls - non-reflective off white
#
surface 0 0 0 0  0 0 0 0  .3 .3 .3  .4 .4 .4 0 0 0  0 0
polygon 4
0 0 0
0 5 0
6 5 0
6 0 0
polygon 4
6 0 0
6 5 0
6 5 8
6 0 8
polygon 4
6 0 8
6 5 8
0 5 8
0 0 8
polygon 4
0 0 8
0 5 8
0 5 0
0 0 0
polygon 4
0 5 0
0 5 8
6 5 8
6 5 0
#
# Pedastal - Highly reflective metal
#
surface 1 1 1 .8  0 0 0 0  0 0 0  0 0 0  0 0 0 0 0
polygon 4
1 0 3
1 1 3
3 1 3
3 0 3
polygon 4
3 1 3
3 1 1
3 0 1
3 0 3
polygon 4
1 0 3
1 0 1
1 1 1
1 1 3
surface 1 1 1 1  0 0 0 0  0 0 0  0 0 0  0 0 0 0 0
polygon 4		# top 
1 1 3
1 1 1
3 1 1
3 1 3
#
# sphere on pedastal
#
surface 0 0 0 0  0 0 0 0  .3 0 .12  .7 0 .28  .9 .9 .9 50 0
sphere 1.75 1.5 2 .5
#
# sphere of ground
#
surface .9 .9 .9 .9    0 0 0 0  .3 .2 .4  .3 .2 .4    .9 .9 .9 70 0
sphere 3.4 .4 1.5  .4
#
# crystal ball on ground
#
surface .9 .9 .9 .3  .9 .9 .9 .9  0 0 0  0 0 0 .9 .9 .9 70 1.5
sphere 4.5 .75 2.25 .75


